2022-02-03 00:19:11.867  INFO 2998 --- [main] lavalink.server.Launcher                 : 

[32m       .  [31m _                  _ _       _    [32m__ _ _
[32m      /\\ [31m| | __ ___   ____ _| (_)_ __ | | __[32m\ \ \ \
[32m     ( ( )[31m| |/ _` \ \ / / _` | | | '_ \| |/ /[32m \ \ \ \
[32m      \\/ [31m| | (_| |\ V / (_| | | | | | |   < [32m  ) ) ) )
[32m       '  [31m|_|\__,_| \_/ \__,_|_|_|_| |_|_|\_\[32m / / / /
[0m    =========================================[32m/_/_/_/[0m

	Version:        a060ab32cba4e7eec8a69cd91d8f80c60bc6eab3-SNAPSHOT
	Build:          1336
	Build time:     24.01.2022 12:04:37 UTC
	Branch          master
	Commit:         a060ab3
	Commit time:    24.01.2022 11:59:16 UTC
	JVM:            13.0.7
	Lavaplayer      1.3.96-original

2022-02-03 00:19:12.084  INFO 2998 --- [main] lavalink.server.Launcher                 : Starting Launcher on aze-sama with PID 2998 (/root/Discord/Kevin/src/Servers/Lavalink/Lavalink.jar started by root in /root/Discord/Kevin/src/Servers/Lavalink)
2022-02-03 00:19:12.088  INFO 2998 --- [main] lavalink.server.Launcher                 : No active profile set, falling back to default profiles: default
2022-02-03 00:19:12.195  WARN 2998 --- [background-preinit] o.s.h.c.j.Jackson2ObjectMapperBuilder    : For Jackson Kotlin classes support please add "com.fasterxml.jackson.module:jackson-module-kotlin" to the classpath
2022-02-03 00:19:14.247  WARN 2998 --- [main] io.undertow.websockets.jsr               : UT026010: Buffer pool was not set on WebSocketDeploymentInfo, the default pool will be used
2022-02-03 00:19:14.288  INFO 2998 --- [main] io.undertow.servlet                      : Initializing Spring embedded WebApplicationContext
2022-02-03 00:19:14.289  INFO 2998 --- [main] o.s.web.context.ContextLoader            : Root WebApplicationContext: initialization completed in 2116 ms
2022-02-03 00:19:14.902  WARN 2998 --- [main] l.server.config.SentryConfiguration      : Turning off sentry
2022-02-03 00:19:15.373  INFO 2998 --- [main] c.s.d.l.tools.GarbageCollectionMonitor   : GC monitoring enabled, reporting results every 2 minutes.
2022-02-03 00:19:15.662  INFO 2998 --- [main] lavalink.server.config.KoeConfiguration  : OS: Linux, Arch: amd64
2022-02-03 00:19:15.664  INFO 2998 --- [main] lavalink.server.config.KoeConfiguration  : Enabling JDA-NAS
2022-02-03 00:19:15.673  INFO 2998 --- [main] c.s.l.c.natives.NativeLibraryLoader      : Native library udpqueue: loading with filter null
2022-02-03 00:19:15.683  INFO 2998 --- [main] c.s.l.c.natives.NativeLibraryLoader      : Native library udpqueue: successfully loaded.
2022-02-03 00:19:16.273  INFO 2998 --- [main] o.s.s.concurrent.ThreadPoolTaskExecutor  : Initializing ExecutorService 'applicationTaskExecutor'
2022-02-03 00:19:16.997  INFO 2998 --- [main] org.xnio                                 : XNIO version 3.3.8.Final
2022-02-03 00:19:17.017  INFO 2998 --- [main] org.xnio.nio                             : XNIO NIO Implementation Version 3.3.8.Final
2022-02-03 00:19:17.120  INFO 2998 --- [main] o.s.b.w.e.u.UndertowServletWebServer     : Undertow started on port(s) 2333 (http) with context path ''
2022-02-03 00:19:17.127  INFO 2998 --- [main] lavalink.server.Launcher                 : Started Launcher in 6.469 seconds (JVM running for 7.527)
2022-02-03 00:19:17.131  INFO 2998 --- [main] lavalink.server.Launcher                 : You can safely ignore the big red warning about illegal reflection. See https://github.com/freyacodes/Lavalink/issues/295
2022-02-03 00:26:51.117  INFO 2998 --- [XNIO-1 task-1] io.undertow.servlet                      : Initializing Spring DispatcherServlet 'dispatcherServlet'
2022-02-03 00:26:51.118  INFO 2998 --- [XNIO-1 task-1] o.s.web.servlet.DispatcherServlet        : Initializing Servlet 'dispatcherServlet'
2022-02-03 00:26:51.128  INFO 2998 --- [XNIO-1 task-1] o.s.web.servlet.DispatcherServlet        : Completed initialization in 10 ms
2022-02-03 00:26:51.154  INFO 2998 --- [XNIO-1 task-1] l.server.io.HandshakeInterceptorImpl     : Incoming connection from /0:0:0:0:0:0:0:1:53934
2022-02-03 00:26:51.260  INFO 2998 --- [XNIO-1 task-1] lavalink.server.io.SocketServer          : Connection successfully established from erela.js
2022-02-03 00:27:07.851  INFO 2998 --- [XNIO-1 task-2] l.server.player.AudioLoaderRestHandler   : Got request to load for identifier "ytsearch:legends never die"
2022-02-03 00:27:08.960  INFO 2998 --- [lava-daemon-pool-info-loader-2-thread-1] lavalink.server.player.AudioLoader       : Loaded playlist Search results for: legends never die
2022-02-03 00:27:09.037  INFO 2998 --- [XNIO-1 I/O-2] lavalink.server.io.SocketServer          : {"op":"volume","guildId":"783991881028993045","volume":100}
2022-02-03 00:27:09.045  INFO 2998 --- [XNIO-1 I/O-2] lavalink.server.io.SocketServer          : {"op":"play","guildId":"783991881028993045","track":"QAAAyQIAXkxlZ2VuZHMgTmV2ZXIgRGllIChmdC4gQWdhaW5zdCBUaGUgQ3VycmVudCkgW09GRklDSUFMIEFVRElPXSB8IFdvcmxkcyAyMDE3IC0gTGVhZ3VlIG9mIExlZ2VuZHMAEUxlYWd1ZSBvZiBMZWdlbmRzAAAAAAADmeAACzRRNDZ4WXFVd1pRAAEAK2h0dHBzOi8vd3d3LnlvdXR1YmUuY29tL3dhdGNoP3Y9NFE0NnhZcVV3WlEAB3lvdXR1YmUAAAAAAAAAAA=="}
2022-02-03 00:27:09.279  INFO 2998 --- [XNIO-1 I/O-2] lavalink.server.io.SocketServer          : {"sessionId":"1f974384f35bff86ca2d61145b8ee5a0","op":"voiceUpdate","guildId":"783991881028993045","event":{"token":"594977ab5b048069","guild_id":"783991881028993045","endpoint":"russia6508.discord.media:443"}}
