2022-02-14 07:51:32.334  INFO 1287 --- [XNIO-1 task-7] l.server.player.AudioLoaderRestHandler   : Got request to load for identifier "ytsearch:a,year,ago,neffex"
2022-02-14 07:51:32.975  INFO 1287 --- [lava-daemon-pool-info-loader-2-thread-1] lavalink.server.player.AudioLoader       : Loaded playlist Search results for: a,year,ago,neffex
2022-02-14 10:43:35.373  INFO 1287 --- [XNIO-1 I/O-2] lavalink.server.io.SocketServer          : {"sessionId":"c1622289530cc0a5ca900c36705ed821","op":"voiceUpdate","guildId":"939296971972313108","event":{"token":"913b66a843460e45","guild_id":"939296971972313108","endpoint":"dubai872.discord.media:443"}}
2022-02-14 10:43:52.944  INFO 1287 --- [XNIO-1 task-9] l.server.player.AudioLoaderRestHandler   : Got request to load for identifier "ytsearch:مخليك بعيوني"
2022-02-14 10:43:53.282  INFO 1287 --- [lava-daemon-pool-info-loader-2-thread-1] lavalink.server.player.AudioLoader       : Loaded playlist Search results for: مخليك بعيوني
2022-02-14 10:43:53.289  INFO 1287 --- [XNIO-1 I/O-2] lavalink.server.io.SocketServer          : {"op":"play","guildId":"939296971972313108","track":"QAABEwIAidmK2KfYs9ixINi52KjYryDYp9mE2YjZh9in2KggLSDZhdiu2YTZitmDINio2LnZitmI2YbZiiB8INmF2YYg2KPZhNio2YjZhSDYo9iq2LDZg9ix2YMgfCAgWWFzZXIgQWJkIEFsV2FoYWIgLSBNa2hhbGVlayBCM3lvdW55IHwgRXhjbHVzaXZlADBZYXNlciBBYmQgQWx3YWhhYiB8INmK2KfYs9ixINi52KjYryDYp9mE2YjZh9in2KgAAAAAAAPgMAALNWRlb20yMmZiTXMAAQAraHR0cHM6Ly93d3cueW91dHViZS5jb20vd2F0Y2g/dj01ZGVvbTIyZmJNcwAHeW91dHViZQAAAAAAAAAA"}
2022-02-14 10:43:59.988  INFO 1287 --- [XNIO-1 task-11] l.server.player.AudioLoaderRestHandler   : Got request to load for identifier "ytsearch:مخليك بعيوني"
2022-02-14 10:44:00.307  INFO 1287 --- [lava-daemon-pool-info-loader-2-thread-1] lavalink.server.player.AudioLoader       : Loaded playlist Search results for: مخليك بعيوني
2022-02-14 10:48:06.721  INFO 1287 --- [XNIO-1 I/O-2] lavalink.server.io.SocketServer          : {"op":"play","guildId":"939296971972313108","track":"QAABEwIAidmK2KfYs9ixINi52KjYryDYp9mE2YjZh9in2KggLSDZhdiu2YTZitmDINio2LnZitmI2YbZiiB8INmF2YYg2KPZhNio2YjZhSDYo9iq2LDZg9ix2YMgfCAgWWFzZXIgQWJkIEFsV2FoYWIgLSBNa2hhbGVlayBCM3lvdW55IHwgRXhjbHVzaXZlADBZYXNlciBBYmQgQWx3YWhhYiB8INmK2KfYs9ixINi52KjYryDYp9mE2YjZh9in2KgAAAAAAAPgMAALNWRlb20yMmZiTXMAAQAraHR0cHM6Ly93d3cueW91dHViZS5jb20vd2F0Y2g/dj01ZGVvbTIyZmJNcwAHeW91dHViZQAAAAAAAAAA"}
2022-02-14 13:00:58.268  INFO 1287 --- [XNIO-1 task-13] l.server.player.AudioLoaderRestHandler   : Got request to load for identifier "ytsearch:pityparty"
2022-02-14 13:00:58.791  INFO 1287 --- [lava-daemon-pool-info-loader-2-thread-1] lavalink.server.player.AudioLoader       : Loaded playlist Search results for: pityparty
2022-02-14 14:32:23.903  INFO 1287 --- [XNIO-1 I/O-2] lavalink.server.io.SocketServer          : {"sessionId":"e198302807d99110d826b83349b8dbc6","op":"voiceUpdate","guildId":"492369946232225803","event":{"token":"b814e99ed3fea180","guild_id":"492369946232225803","endpoint":"rotterdam8925.discord.media:443"}}
2022-02-14 14:54:20.620  INFO 1287 --- [XNIO-1 task-15] l.server.player.AudioLoaderRestHandler   : Got request to load for identifier "ytsearch:pensando a lei"
2022-02-14 14:54:21.077  INFO 1287 --- [lava-daemon-pool-info-loader-2-thread-1] lavalink.server.player.AudioLoader       : Loaded playlist Search results for: pensando a lei
2022-02-14 14:54:21.085  INFO 1287 --- [XNIO-1 I/O-2] lavalink.server.io.SocketServer          : {"op":"volume","guildId":"689769817766363197","volume":100}
2022-02-14 14:54:21.086  INFO 1287 --- [XNIO-1 I/O-2] lavalink.server.io.SocketServer          : {"op":"play","guildId":"689769817766363197","track":"QAAAfQIAHlNoaXZhIC0gUGVuc2FuZG8gYSBsZWkgKEF1ZGlvKQAFU0hJVkEAAAAAAAKzaAALdG9OdlRqRUZBa0kAAQAraHR0cHM6Ly93d3cueW91dHViZS5jb20vd2F0Y2g/dj10b052VGpFRkFrSQAHeW91dHViZQAAAAAAAAAA"}
2022-02-14 14:54:21.775  INFO 1287 --- [XNIO-1 I/O-2] lavalink.server.io.SocketServer          : {"sessionId":"e198302807d99110d826b83349b8dbc6","op":"voiceUpdate","guildId":"689769817766363197","event":{"token":"6c7f0d7c6a2632e5","guild_id":"689769817766363197","endpoint":"milan3316.discord.media:443"}}
2022-02-14 14:54:59.695  INFO 1287 --- [XNIO-1 task-1] l.server.player.AudioLoaderRestHandler   : Got request to load for identifier "ytsearch:pensando a lei"
2022-02-14 14:55:00.084  INFO 1287 --- [lava-daemon-pool-info-loader-2-thread-1] lavalink.server.player.AudioLoader       : Loaded playlist Search results for: pensando a lei
2022-02-14 14:55:21.731  INFO 1287 --- [XNIO-1 task-3] l.server.player.AudioLoaderRestHandler   : Got request to load for identifier "ytsearch:cyka blyat"
2022-02-14 14:55:22.232  INFO 1287 --- [lava-daemon-pool-info-loader-2-thread-1] lavalink.server.player.AudioLoader       : Loaded playlist Search results for: cyka blyat
2022-02-14 14:55:56.013  INFO 1287 --- [XNIO-1 task-5] l.server.player.AudioLoaderRestHandler   : Got request to load for identifier "ytsearch:cyka blyat"
2022-02-14 14:55:56.487  INFO 1287 --- [lava-daemon-pool-info-loader-2-thread-1] lavalink.server.player.AudioLoader       : Loaded playlist Search results for: cyka blyat
2022-02-14 14:56:00.866  INFO 1287 --- [XNIO-1 I/O-2] lavalink.server.io.SocketServer          : {"op":"pause","guildId":"689769817766363197","pause":true}
2022-02-14 14:56:00.867  INFO 1287 --- [XNIO-1 I/O-2] lavalink.server.io.SocketServer          : {"op":"destroy","guildId":"689769817766363197"}
2022-02-14 14:56:00.869  INFO 1287 --- [XNIO-1 I/O-2] lavalink.server.io.SocketServer          : {"sessionId":"e198302807d99110d826b83349b8dbc6","op":"voiceUpdate","guildId":"689769817766363197","event":{"token":"6c7f0d7c6a2632e5","guild_id":"689769817766363197","endpoint":"milan3316.discord.media:443"}}
2022-02-14 14:56:05.172  INFO 1287 --- [XNIO-1 I/O-2] lavalink.server.io.SocketServer          : {"op":"volume","guildId":"689769817766363197","volume":100}
2022-02-14 14:56:05.407  INFO 1287 --- [XNIO-1 I/O-2] lavalink.server.io.SocketServer          : {"sessionId":"e198302807d99110d826b83349b8dbc6","op":"voiceUpdate","guildId":"689769817766363197","event":{"token":"799913a49e8fd661","guild_id":"689769817766363197","endpoint":"milan3316.discord.media:443"}}
2022-02-14 14:56:06.051  INFO 1287 --- [XNIO-1 task-7] l.server.player.AudioLoaderRestHandler   : Got request to load for identifier "ytsearch:cyka blyat"
2022-02-14 14:56:06.596  INFO 1287 --- [lava-daemon-pool-info-loader-2-thread-1] lavalink.server.player.AudioLoader       : Loaded playlist Search results for: cyka blyat
2022-02-14 14:56:06.604  INFO 1287 --- [XNIO-1 I/O-2] lavalink.server.io.SocketServer          : {"op":"play","guildId":"689769817766363197","track":"QAAAqwIARkRKIEJseWF0bWFuICYgUnVzc2lhbiBWaWxsYWdlIEJveXMgLSBDeWthIEJseWF0IChPZmZpY2lhbCBNdXNpYyBWaWRlbykAC0RKIEJseWF0bWFuAAAAAAACytgAC05xTTAzMmRuUHRrAAEAK2h0dHBzOi8vd3d3LnlvdXR1YmUuY29tL3dhdGNoP3Y9TnFNMDMyZG5QdGsAB3lvdXR1YmUAAAAAAAAAAA=="}
2022-02-14 14:56:21.069  INFO 1287 --- [XNIO-1 task-9] l.server.player.AudioLoaderRestHandler   : Got request to load for identifier "ytsearch:pensando a lei"
2022-02-14 14:56:21.434  INFO 1287 --- [lava-daemon-pool-info-loader-2-thread-1] lavalink.server.player.AudioLoader       : Loaded playlist Search results for: pensando a lei
2022-02-14 14:56:22.849  INFO 1287 --- [XNIO-1 I/O-2] lavalink.server.io.SocketServer          : {"op":"stop","guildId":"689769817766363197"}
2022-02-14 14:56:22.851  INFO 1287 --- [XNIO-1 I/O-2] lavalink.server.io.SocketServer          : {"op":"play","guildId":"689769817766363197","track":"QAAAhgIAJ1NoaXZhIC0gUGVuc2FuZG8gYSBsZWkgKE9mZmljaWFsIFZpZGVvKQAFU0hJVkEAAAAAAALSqAALUGJQXy1YczBEaTgAAQAraHR0cHM6Ly93d3cueW91dHViZS5jb20vd2F0Y2g/dj1QYlBfLVhzMERpOAAHeW91dHViZQAAAAAAAAAA"}
2022-02-14 15:27:02.924  INFO 1287 --- [XNIO-1 task-11] l.server.player.AudioLoaderRestHandler   : Got request to load for identifier "ytsearch:meppiaciat o cor"
2022-02-14 15:27:03.190  INFO 1287 --- [lava-daemon-pool-info-loader-2-thread-1] lavalink.server.player.AudioLoader       : No matches found
2022-02-14 15:27:54.711  INFO 1287 --- [XNIO-1 task-13] l.server.player.AudioLoaderRestHandler   : Got request to load for identifier "https://www.youtube.com/watch?v=4Ou95U25X2E"
2022-02-14 15:27:54.819  INFO 1287 --- [lava-daemon-pool-info-loader-2-thread-1] lavalink.server.player.AudioLoader       : Loaded track Teresa M'hê appicciato 'o core | Liberato | Tiktok
2022-02-14 15:27:54.822  INFO 1287 --- [XNIO-1 I/O-2] lavalink.server.io.SocketServer          : {"op":"play","guildId":"689769817766363197","track":"QAAAlwIAM1RlcmVzYSBNJ2jDqiBhcHBpY2NpYXRvICdvIGNvcmUgfCBMaWJlcmF0byB8IFRpa3RvawAKTWlsaSBNdXNpYwAAAAAAAQmgAAs0T3U5NVUyNVgyRQABACtodHRwczovL3d3dy55b3V0dWJlLmNvbS93YXRjaD92PTRPdTk1VTI1WDJFAAd5b3V0dWJlAAAAAAAAAAA="}
2022-02-14 15:34:02.714  INFO 1287 --- [XNIO-1 task-15] l.server.player.AudioLoaderRestHandler   : Got request to load for identifier "ytsearch:povero gabbiano"
2022-02-14 15:34:03.149  INFO 1287 --- [lava-daemon-pool-info-loader-2-thread-1] lavalink.server.player.AudioLoader       : Loaded playlist Search results for: povero gabbiano
2022-02-14 15:34:03.157  INFO 1287 --- [XNIO-1 I/O-2] lavalink.server.io.SocketServer          : {"op":"play","guildId":"689769817766363197","track":"QAAAgwIAIHBvdmVybyBnYWJiaWFubyAtIGdpYW5uaSBjZWxlc3RlAAlDRU1BRUNFTU8AAAAAAAOCcAALenZOZkdnNXZLVHMAAQAraHR0cHM6Ly93d3cueW91dHViZS5jb20vd2F0Y2g/dj16dk5mR2c1dktUcwAHeW91dHViZQAAAAAAAAAA"}
2022-02-14 15:52:53.580  INFO 1287 --- [XNIO-1 I/O-2] lavalink.server.io.SocketServer          : {"sessionId":"e198302807d99110d826b83349b8dbc6","op":"voiceUpdate","guildId":"689769817766363197","event":{"token":"799913a49e8fd661","guild_id":"689769817766363197","endpoint":"milan3316.discord.media:443"}}
2022-02-14 15:52:54.360  INFO 1287 --- [XNIO-1 I/O-2] lavalink.server.io.SocketServer          : {"sessionId":"e198302807d99110d826b83349b8dbc6","op":"voiceUpdate","guildId":"689769817766363197","event":{"token":"799913a49e8fd661","guild_id":"689769817766363197","endpoint":"milan3316.discord.media:443"}}
2022-02-14 15:52:56.598  INFO 1287 --- [XNIO-1 I/O-2] lavalink.server.io.SocketServer          : {"sessionId":"e198302807d99110d826b83349b8dbc6","op":"voiceUpdate","guildId":"689769817766363197","event":{"token":"799913a49e8fd661","guild_id":"689769817766363197","endpoint":"milan3316.discord.media:443"}}
2022-02-14 16:14:12.768  INFO 2010 --- [main] lavalink.server.Launcher                 : 

[32m       .  [31m _                  _ _       _    [32m__ _ _
[32m      /\\ [31m| | __ ___   ____ _| (_)_ __ | | __[32m\ \ \ \
[32m     ( ( )[31m| |/ _` \ \ / / _` | | | '_ \| |/ /[32m \ \ \ \
[32m      \\/ [31m| | (_| |\ V / (_| | | | | | |   < [32m  ) ) ) )
[32m       '  [31m|_|\__,_| \_/ \__,_|_|_|_| |_|_|\_\[32m / / / /
[0m    =========================================[32m/_/_/_/[0m

	Version:        a060ab32cba4e7eec8a69cd91d8f80c60bc6eab3-SNAPSHOT
	Build:          1336
	Build time:     24.01.2022 12:04:37 UTC
	Branch          master
	Commit:         a060ab3
	Commit time:    24.01.2022 11:59:16 UTC
	JVM:            13.0.7
	Lavaplayer      1.3.96-original

2022-02-14 16:14:12.902  INFO 2010 --- [main] lavalink.server.Launcher                 : Starting Launcher on aze-sama with PID 2010 (/root/Discord/Kevin/src/Bot/Servers/Lavalink/Lavalink.jar started by root in /root/Discord/Kevin/src/Bot/Servers/Lavalink)
2022-02-14 16:14:12.904  INFO 2010 --- [main] lavalink.server.Launcher                 : No active profile set, falling back to default profiles: default
2022-02-14 16:14:13.036  WARN 2010 --- [background-preinit] o.s.h.c.j.Jackson2ObjectMapperBuilder    : For Jackson Kotlin classes support please add "com.fasterxml.jackson.module:jackson-module-kotlin" to the classpath
2022-02-14 16:14:14.089  WARN 2010 --- [main] io.undertow.websockets.jsr               : UT026010: Buffer pool was not set on WebSocketDeploymentInfo, the default pool will be used
2022-02-14 16:14:14.120  INFO 2010 --- [main] io.undertow.servlet                      : Initializing Spring embedded WebApplicationContext
2022-02-14 16:14:14.121  INFO 2010 --- [main] o.s.web.context.ContextLoader            : Root WebApplicationContext: initialization completed in 1162 ms
2022-02-14 16:14:14.608  WARN 2010 --- [main] l.server.config.SentryConfiguration      : Turning off sentry
2022-02-14 16:14:14.983  INFO 2010 --- [main] c.s.d.l.tools.GarbageCollectionMonitor   : GC monitoring enabled, reporting results every 2 minutes.
2022-02-14 16:14:15.189  INFO 2010 --- [main] lavalink.server.config.KoeConfiguration  : OS: Linux, Arch: amd64
2022-02-14 16:14:15.189  INFO 2010 --- [main] lavalink.server.config.KoeConfiguration  : Enabling JDA-NAS
2022-02-14 16:14:15.195  INFO 2010 --- [main] c.s.l.c.natives.NativeLibraryLoader      : Native library udpqueue: loading with filter null
2022-02-14 16:14:15.221  INFO 2010 --- [main] c.s.l.c.natives.NativeLibraryLoader      : Native library udpqueue: successfully loaded.
2022-02-14 16:14:15.455  INFO 2010 --- [main] o.s.s.concurrent.ThreadPoolTaskExecutor  : Initializing ExecutorService 'applicationTaskExecutor'
2022-02-14 16:14:15.846  INFO 2010 --- [main] org.xnio                                 : XNIO version 3.3.8.Final
2022-02-14 16:14:15.858  INFO 2010 --- [main] org.xnio.nio                             : XNIO NIO Implementation Version 3.3.8.Final
2022-02-14 16:14:15.945  INFO 2010 --- [main] o.s.b.w.e.u.UndertowServletWebServer     : Undertow started on port(s) 2333 (http) with context path ''
2022-02-14 16:14:15.951  INFO 2010 --- [main] lavalink.server.Launcher                 : Started Launcher in 3.838 seconds (JVM running for 4.597)
2022-02-14 16:14:15.953  INFO 2010 --- [main] lavalink.server.Launcher                 : You can safely ignore the big red warning about illegal reflection. See https://github.com/freyacodes/Lavalink/issues/295
2022-02-14 16:14:24.342  INFO 2010 --- [XNIO-1 task-1] io.undertow.servlet                      : Initializing Spring DispatcherServlet 'dispatcherServlet'
2022-02-14 16:14:24.342  INFO 2010 --- [XNIO-1 task-1] o.s.web.servlet.DispatcherServlet        : Initializing Servlet 'dispatcherServlet'
2022-02-14 16:14:24.349  INFO 2010 --- [XNIO-1 task-1] o.s.web.servlet.DispatcherServlet        : Completed initialization in 6 ms
2022-02-14 16:14:24.367  INFO 2010 --- [XNIO-1 task-1] l.server.io.HandshakeInterceptorImpl     : Incoming connection from /0:0:0:0:0:0:0:1:58770
2022-02-14 16:14:24.453  INFO 2010 --- [XNIO-1 task-1] lavalink.server.io.SocketServer          : Connection successfully established from erela.js
2022-02-14 16:14:24.537  INFO 2010 --- [XNIO-1 task-2] l.server.io.HandshakeInterceptorImpl     : Incoming connection from /0:0:0:0:0:0:0:1:58780
2022-02-14 16:14:24.544  INFO 2010 --- [XNIO-1 task-2] lavalink.server.io.SocketServer          : Connection successfully established from erela.js
2022-02-14 16:15:28.258  INFO 2010 --- [XNIO-1 task-3] l.server.player.AudioLoaderRestHandler   : Got request to load for identifier "ytsearch:something just like this"
2022-02-14 16:15:29.428  INFO 2010 --- [lava-daemon-pool-info-loader-2-thread-1] lavalink.server.player.AudioLoader       : Loaded playlist Search results for: something just like this
2022-02-14 16:15:29.464  INFO 2010 --- [XNIO-1 I/O-2] lavalink.server.io.SocketServer          : {"op":"volume","guildId":"938704039804272660","volume":100}
2022-02-14 16:15:29.468  INFO 2010 --- [XNIO-1 I/O-2] lavalink.server.io.SocketServer          : {"op":"play","guildId":"938704039804272660","track":"QAAAqAIAPlRoZSBDaGFpbnNtb2tlcnMgJiBDb2xkcGxheSAtIFNvbWV0aGluZyBKdXN0IExpa2UgVGhpcyAoTHlyaWMpABBUaGUgQ2hhaW5zbW9rZXJzAAAAAAADyMAAC0ZNN01GWW95bFZzAAEAK2h0dHBzOi8vd3d3LnlvdXR1YmUuY29tL3dhdGNoP3Y9Rk03TUZZb3lsVnMAB3lvdXR1YmUAAAAAAAAAAA=="}
2022-02-14 16:15:29.671  INFO 2010 --- [XNIO-1 I/O-2] lavalink.server.io.SocketServer          : {"sessionId":"58935dc0127caf7f197a0f6140882621","op":"voiceUpdate","guildId":"938704039804272660","event":{"token":"91e2d2d3e222177a","guild_id":"938704039804272660","endpoint":"rotterdam3564.discord.media:443"}}
